g++ -g -Wall -fno-builtin -DTARGET_UNIX -DPARANOID -DNEW_INTERRUPT_HANDLING -DUSE_CURSES -I. -I../../../common/nativecode -I../../../common/decaf -c ../../../common/decaf/decaf.cc
../../../common/decaf/decaf.cc:25: syntax error before `::'
../../../common/decaf/decaf.cc:39: `methodName' was not declared in this scope
../../../common/decaf/decaf.cc:39: `methodSignature' was not declared in this scope
../../../common/decaf/decaf.cc:39: `arguments' was not declared in this scope
../../../common/decaf/decaf.cc:39: warning: ANSI C++ forbids declaration `invokeNativeMethod' with no type
../../../common/decaf/decaf.cc:39: warning: initializer list being treated as compound expression
../../../common/decaf/decaf.cc:40: syntax error before `->'
../../../common/decaf/decaf.cc:46: `mi' was not declared in this scope
../../../common/decaf/decaf.cc:46: parse error before `;'
../../../common/decaf/decaf.cc:46: syntax error before `++'
../../../common/decaf/decaf.cc:49: syntax error before `->'
../../../common/decaf/decaf.cc:62: syntax error before `::'
../../../common/decaf/decaf.cc:68: syntax error before `='
../../../common/decaf/decaf.cc:69: syntax error before `+='
../../../common/decaf/decaf.cc:83: syntax error before `*'
../../../common/decaf/decaf.cc:84: syntax error before `*'
../../../common/decaf/decaf.cc:89: warning: return-type of `abort' defaults to `int'
../../../common/decaf/decaf.cc:90: parse error before `}'
../../../common/decaf/decaf.cc:95: warning: return-type of `abort' defaults to `int'
../../../common/decaf/decaf.cc:96: parse error before `}'
../../../common/decaf/decaf.cc:106: syntax error before `*'
../../../common/decaf/decaf.cc:109: warning: return-type of `abort' defaults to `int'
../../../common/decaf/decaf.cc:110: parse error before `}'
../../../common/decaf/decaf.cc:112: syntax error before `*'
../../../common/decaf/decaf.cc:115: warning: return-type of `abort' defaults to `int'
../../../common/decaf/decaf.cc:116: parse error before `}'
../../../common/decaf/decaf.cc:119: syntax error before `*'
../../../common/decaf/decaf.cc:122: warning: return-type of `abort' defaults to `int'
../../../common/decaf/decaf.cc:123: parse error before `}'
../../../common/decaf/decaf.cc:125: syntax error before `*'
../../../common/decaf/decaf.cc:128: warning: return-type of `abort' defaults to `int'
../../../common/decaf/decaf.cc:129: parse error before `}'
../../../common/decaf/decaf.cc:133: syntax error before `*'
../../../common/decaf/decaf.cc:136: warning: return-type of `abort' defaults to `int'
../../../common/decaf/decaf.cc:137: parse error before `}'
../../../common/decaf/decaf.cc:140: syntax error before `*'
../../../common/decaf/decaf.cc:143: warning: return-type of `abort' defaults to `int'
../../../common/decaf/decaf.cc:144: parse error before `}'
../../../common/decaf/decaf.cc:147: syntax error before `*'
../../../common/decaf/decaf.cc:150: warning: return-type of `abort' defaults to `int'
../../../common/decaf/decaf.cc:151: parse error before `}'
../../../common/decaf/decaf.cc:154: syntax error before `>='
../../../common/decaf/decaf.cc:154: syntax error before `--'
make: *** [decaf.o] Error 1
